E:\hoang.nguyen\Socket\SignalRCore\SignalRCore\angularApp\dist\out-tsc\e2e\app.po.js
E:\hoang.nguyen\Socket\SignalRCore\SignalRCore\angularApp\dist\out-tsc\e2e\app.po.js.map
E:\hoang.nguyen\Socket\SignalRCore\SignalRCore\angularApp\dist\out-tsc\e2e\app.e2e-spec.js
E:\hoang.nguyen\Socket\SignalRCore\SignalRCore\angularApp\dist\out-tsc\e2e\app.e2e-spec.js.map
E:\hoang.nguyen\Socket\SignalRCore\SignalRCore\angularApp\dist\out-tsc\src\app\services\example.service.js
E:\hoang.nguyen\Socket\SignalRCore\SignalRCore\angularApp\dist\out-tsc\src\app\services\example.service.js.map
E:\hoang.nguyen\Socket\SignalRCore\SignalRCore\angularApp\dist\out-tsc\src\app\app.component.js
E:\hoang.nguyen\Socket\SignalRCore\SignalRCore\angularApp\dist\out-tsc\src\app\app.component.js.map
E:\hoang.nguyen\Socket\SignalRCore\SignalRCore\angularApp\dist\out-tsc\src\app\app.module.js
E:\hoang.nguyen\Socket\SignalRCore\SignalRCore\angularApp\dist\out-tsc\src\app\app.module.js.map
E:\hoang.nguyen\Socket\SignalRCore\SignalRCore\angularApp\dist\out-tsc\src\environments\environment.js
E:\hoang.nguyen\Socket\SignalRCore\SignalRCore\angularApp\dist\out-tsc\src\environments\environment.js.map
E:\hoang.nguyen\Socket\SignalRCore\SignalRCore\angularApp\dist\out-tsc\src\main.js
E:\hoang.nguyen\Socket\SignalRCore\SignalRCore\angularApp\dist\out-tsc\src\main.js.map
E:\hoang.nguyen\Socket\SignalRCore\SignalRCore\angularApp\dist\out-tsc\src\polyfills.js
E:\hoang.nguyen\Socket\SignalRCore\SignalRCore\angularApp\dist\out-tsc\src\polyfills.js.map
E:\hoang.nguyen\Socket\SignalRCore\SignalRCore\angularApp\dist\out-tsc\src\test.js
E:\hoang.nguyen\Socket\SignalRCore\SignalRCore\angularApp\dist\out-tsc\src\test.js.map
E:\hoang.nguyen\Socket\SignalRCore\SignalRCore\angularApp\dist\out-tsc\src\app\app.component.spec.js
E:\hoang.nguyen\Socket\SignalRCore\SignalRCore\angularApp\dist\out-tsc\src\app\app.component.spec.js.map
E:\hoang.nguyen\Socket\SignalRCore\SignalRCore\angularApp\dist\out-tsc\src\environments\environment.prod.js
E:\hoang.nguyen\Socket\SignalRCore\SignalRCore\angularApp\dist\out-tsc\src\environments\environment.prod.js.map
